The C compiler identification could not be found in "/home/damire/space/hash_array_mapped_trie/cmake-build-debug-coverage/CMakeFiles/3.22.3/CompilerIdC/CMakeCCompilerId.gcno"

The CXX compiler identification could not be found in "/home/damire/space/hash_array_mapped_trie/cmake-build-debug-coverage/CMakeFiles/3.22.3/CompilerIdCXX/CMakeCXXCompilerId.gcno"

Performing C SOURCE FILE Test CMAKE_HAVE_LIBC_PTHREAD failed with the following output:
Change Dir: /home/damire/space/hash_array_mapped_trie/cmake-build-debug-coverage/CMakeFiles/CMakeTmp

Run Build Command(s):/snap/clion/190/bin/ninja/linux/ninja cmTC_9cf2e && [1/2] Building C object CMakeFiles/cmTC_9cf2e.dir/src.c.o
[2/2] Linking C executable cmTC_9cf2e
FAILED: cmTC_9cf2e 
: && /usr/bin/cc --coverage  CMakeFiles/cmTC_9cf2e.dir/src.c.o -o cmTC_9cf2e   && :
/usr/bin/ld: CMakeFiles/cmTC_9cf2e.dir/src.c.o: in function `main':
src.c:(.text+0x6a): undefined reference to `pthread_create'
/usr/bin/ld: src.c:(.text+0x88): undefined reference to `pthread_detach'
/usr/bin/ld: src.c:(.text+0xa6): undefined reference to `pthread_cancel'
/usr/bin/ld: src.c:(.text+0xc9): undefined reference to `pthread_join'
collect2: error: ld returned 1 exit status
ninja: build stopped: subcommand failed.


Source file was:
#include <pthread.h>

static void* test_func(void* data)
{
  return data;
}

int main(void)
{
  pthread_t thread;
  pthread_create(&thread, NULL, test_func, NULL);
  pthread_detach(thread);
  pthread_cancel(thread);
  pthread_join(thread, NULL);
  pthread_atfork(NULL, NULL, NULL);
  pthread_exit(NULL);

  return 0;
}

Determining if the function pthread_create exists in the pthreads failed with the following output:
Change Dir: /home/damire/space/hash_array_mapped_trie/cmake-build-debug-coverage/CMakeFiles/CMakeTmp

Run Build Command(s):/snap/clion/190/bin/ninja/linux/ninja cmTC_26d86 && [1/2] Building C object CMakeFiles/cmTC_26d86.dir/CheckFunctionExists.c.o
[2/2] Linking C executable cmTC_26d86
FAILED: cmTC_26d86 
: && /usr/bin/cc --coverage -DCHECK_FUNCTION_EXISTS=pthread_create  CMakeFiles/cmTC_26d86.dir/CheckFunctionExists.c.o -o cmTC_26d86  -lpthreads && :
/usr/bin/ld: cannot find -lpthreads
collect2: error: ld returned 1 exit status
ninja: build stopped: subcommand failed.



