Performing C SOURCE FILE Test CMAKE_HAVE_LIBC_PTHREAD failed with the following output:
Change Dir: /home/damire/space/hash_array_mapped_trie/lib/libcds-release/CMakeFiles/CMakeTmp

Run Build Command(s):/usr/bin/make -f Makefile cmTC_29cef/fast && make[1]: Entering directory '/home/damire/space/hash_array_mapped_trie/lib/libcds-release/CMakeFiles/CMakeTmp'
/usr/bin/make  -f CMakeFiles/cmTC_29cef.dir/build.make CMakeFiles/cmTC_29cef.dir/build
make[2]: Entering directory '/home/damire/space/hash_array_mapped_trie/lib/libcds-release/CMakeFiles/CMakeTmp'
Building C object CMakeFiles/cmTC_29cef.dir/src.c.o
/usr/bin/cc -DCMAKE_HAVE_LIBC_PTHREAD   -o CMakeFiles/cmTC_29cef.dir/src.c.o -c /home/damire/space/hash_array_mapped_trie/lib/libcds-release/CMakeFiles/CMakeTmp/src.c
Linking C executable cmTC_29cef
/home/damire/.local/lib/python3.8/site-packages/cmake/data/bin/cmake -E cmake_link_script CMakeFiles/cmTC_29cef.dir/link.txt --verbose=1
/usr/bin/cc -rdynamic CMakeFiles/cmTC_29cef.dir/src.c.o -o cmTC_29cef 
/usr/bin/ld: CMakeFiles/cmTC_29cef.dir/src.c.o: in function `main':
src.c:(.text+0x46): undefined reference to `pthread_create'
/usr/bin/ld: src.c:(.text+0x52): undefined reference to `pthread_detach'
/usr/bin/ld: src.c:(.text+0x5e): undefined reference to `pthread_cancel'
/usr/bin/ld: src.c:(.text+0x6f): undefined reference to `pthread_join'
collect2: error: ld returned 1 exit status
make[2]: *** [CMakeFiles/cmTC_29cef.dir/build.make:99: cmTC_29cef] Error 1
make[2]: Leaving directory '/home/damire/space/hash_array_mapped_trie/lib/libcds-release/CMakeFiles/CMakeTmp'
make[1]: *** [Makefile:127: cmTC_29cef/fast] Error 2
make[1]: Leaving directory '/home/damire/space/hash_array_mapped_trie/lib/libcds-release/CMakeFiles/CMakeTmp'


Source file was:
#include <pthread.h>

static void* test_func(void* data)
{
  return data;
}

int main(void)
{
  pthread_t thread;
  pthread_create(&thread, NULL, test_func, NULL);
  pthread_detach(thread);
  pthread_cancel(thread);
  pthread_join(thread, NULL);
  pthread_atfork(NULL, NULL, NULL);
  pthread_exit(NULL);

  return 0;
}

Determining if the function pthread_create exists in the pthreads failed with the following output:
Change Dir: /home/damire/space/hash_array_mapped_trie/lib/libcds-release/CMakeFiles/CMakeTmp

Run Build Command(s):/usr/bin/make -f Makefile cmTC_cd9c0/fast && make[1]: Entering directory '/home/damire/space/hash_array_mapped_trie/lib/libcds-release/CMakeFiles/CMakeTmp'
/usr/bin/make  -f CMakeFiles/cmTC_cd9c0.dir/build.make CMakeFiles/cmTC_cd9c0.dir/build
make[2]: Entering directory '/home/damire/space/hash_array_mapped_trie/lib/libcds-release/CMakeFiles/CMakeTmp'
Building C object CMakeFiles/cmTC_cd9c0.dir/CheckFunctionExists.c.o
/usr/bin/cc   -DCHECK_FUNCTION_EXISTS=pthread_create -o CMakeFiles/cmTC_cd9c0.dir/CheckFunctionExists.c.o -c /home/damire/.local/lib/python3.8/site-packages/cmake/data/share/cmake-3.22/Modules/CheckFunctionExists.c
Linking C executable cmTC_cd9c0
/home/damire/.local/lib/python3.8/site-packages/cmake/data/bin/cmake -E cmake_link_script CMakeFiles/cmTC_cd9c0.dir/link.txt --verbose=1
/usr/bin/cc  -DCHECK_FUNCTION_EXISTS=pthread_create -rdynamic CMakeFiles/cmTC_cd9c0.dir/CheckFunctionExists.c.o -o cmTC_cd9c0  -lpthreads 
/usr/bin/ld: cannot find -lpthreads
collect2: error: ld returned 1 exit status
make[2]: *** [CMakeFiles/cmTC_cd9c0.dir/build.make:99: cmTC_cd9c0] Error 1
make[2]: Leaving directory '/home/damire/space/hash_array_mapped_trie/lib/libcds-release/CMakeFiles/CMakeTmp'
make[1]: *** [Makefile:127: cmTC_cd9c0/fast] Error 2
make[1]: Leaving directory '/home/damire/space/hash_array_mapped_trie/lib/libcds-release/CMakeFiles/CMakeTmp'



Determining if the include file linux/membarrier.h exists failed with the following output:
Change Dir: /home/damire/space/hash_array_mapped_trie/lib/libcds-release/CMakeFiles/CMakeTmp

Run Build Command(s):/usr/bin/make -f Makefile cmTC_20739/fast && make[1]: Entering directory '/home/damire/space/hash_array_mapped_trie/lib/libcds-release/CMakeFiles/CMakeTmp'
/usr/bin/make  -f CMakeFiles/cmTC_20739.dir/build.make CMakeFiles/cmTC_20739.dir/build
make[2]: Entering directory '/home/damire/space/hash_array_mapped_trie/lib/libcds-release/CMakeFiles/CMakeTmp'
Building CXX object CMakeFiles/cmTC_20739.dir/CheckIncludeFile.cxx.o
/usr/bin/c++   CMAKE_CXX_FLAGS  -o CMakeFiles/cmTC_20739.dir/CheckIncludeFile.cxx.o -c /home/damire/space/hash_array_mapped_trie/lib/libcds-release/CMakeFiles/CMakeTmp/CheckIncludeFile.cxx
c++: error: CMAKE_CXX_FLAGS: No such file or directory
make[2]: *** [CMakeFiles/cmTC_20739.dir/build.make:78: CMakeFiles/cmTC_20739.dir/CheckIncludeFile.cxx.o] Error 1
make[2]: Leaving directory '/home/damire/space/hash_array_mapped_trie/lib/libcds-release/CMakeFiles/CMakeTmp'
make[1]: *** [Makefile:127: cmTC_20739/fast] Error 2
make[1]: Leaving directory '/home/damire/space/hash_array_mapped_trie/lib/libcds-release/CMakeFiles/CMakeTmp'



